\BOOKMARK [1][-]{section.1}{Introduction}{}% 1
\BOOKMARK [2][-]{subsection.1.1}{Contexte}{section.1}% 2
\BOOKMARK [2][-]{subsection.1.2}{Description de la demande}{section.1}% 3
\BOOKMARK [2][-]{subsection.1.3}{Probl\351matique}{section.1}% 4
\BOOKMARK [1][-]{section.2}{Organisation du travail}{}% 5
\BOOKMARK [2][-]{subsection.2.1}{R\351partition des t\342ches}{section.2}% 6
\BOOKMARK [2][-]{subsection.2.2}{Outils utilis\351s}{section.2}% 7
\BOOKMARK [2][-]{subsection.2.3}{Arborescence des fichiers}{section.2}% 8
\BOOKMARK [2][-]{subsection.2.4}{Structures de donn\351es}{section.2}% 9
\BOOKMARK [1][-]{section.3}{Impl\351mentation de la file de priorit\351}{}% 10
\BOOKMARK [2][-]{subsection.3.1}{Impl\351mentation pratique}{section.3}% 11
\BOOKMARK [2][-]{subsection.3.2}{Regard critique et autres choix possibles}{section.3}% 12
\BOOKMARK [1][-]{section.4}{Boucle de jeu}{}% 13
\BOOKMARK [2][-]{subsection.4.1}{Fonctions \351l\351mentaires de jeu}{section.4}% 14
\BOOKMARK [2][-]{subsection.4.2}{Strat\351gie de base: al\351atoire}{section.4}% 15
\BOOKMARK [2][-]{subsection.4.3}{Strat\351gie 2: Choix de la transaction la plus rentable}{section.4}% 16
\BOOKMARK [2][-]{subsection.4.4}{Strat\351gie 3: Al\351atoire intelligent}{section.4}% 17
\BOOKMARK [2][-]{subsection.4.5}{Comparaison des diff\351rentes strat\351gies}{section.4}% 18
\BOOKMARK [2][-]{subsection.4.6}{Autres strat\351gies envisageables}{section.4}% 19
\BOOKMARK [1][-]{section.5}{Conclusion et Discussions}{}% 20
